<?xml version="1.0" encoding="UTF-8"?>
<!-- Generated by org.testng.reporters.JUnitReportReporter -->
<testsuite skipped="0" hostname="DESKTOP-42FBSTC" name="Regression.VerifyTitle" tests="1" failures="0" timestamp="22 Aug 2017 19:03:12 GMT" time="15.125" errors="0">
  <testcase name="test123" time="15.125" classname="Regression.VerifyTitle"/>
</testsuite> <!-- Regression.VerifyTitle -->
